{"name": "test_right_way", "status": "broken", "statusDetails": {"message": "selenium.common.exceptions.TimeoutException: Message: \nStacktrace:\nBacktrace:\n\t(No symbol) [0x00D5F243]\n\t(No symbol) [0x00CE7FD1]\n\t(No symbol) [0x00BDD04D]\n\t(No symbol) [0x00C0C0B0]\n\t(No symbol) [0x00C0C22B]\n\t(No symbol) [0x00C3E612]\n\t(No symbol) [0x00C285D4]\n\t(No symbol) [0x00C3C9EB]\n\t(No symbol) [0x00C28386]\n\t(No symbol) [0x00C0163C]\n\t(No symbol) [0x00C0269D]\n\tGetHandleVerifier [0x00FF9A22+2655074]\n\tGetHandleVerifier [0x00FECA24+2601828]\n\tGetHandleVerifier [0x00E08C0A+619850]\n\tGetHandleVerifier [0x00E07830+614768]\n\t(No symbol) [0x00CF05FC]\n\t(No symbol) [0x00CF5968]\n\t(No symbol) [0x00CF5A55]\n\t(No symbol) [0x00D0051B]\n\tBaseThreadInitThunk [0x769D6939+25]\n\tRtlGetFullPathName_UEx [0x776F8FD2+1218]\n\tRtlGetFullPathName_UEx [0x776F8F9D+1165]", "trace": "tests\\test_shop.py:75: in test_right_way\n    WebDriverWait(browser, timeout=10, poll_frequency=2).until(EC.text_to_be_present_in_element(\n        browser    = <selenium.webdriver.chrome.webdriver.WebDriver (session=\"c19601b02c861d1af96a8e723104a1b0\")>\n..\\..\\..\\AppData\\Local\\Programs\\Python\\Python311\\Lib\\site-packages\\selenium\\webdriver\\support\\wait.py:95: in until\n    raise TimeoutException(message, screen, stacktrace)\nE   selenium.common.exceptions.TimeoutException: Message: \nE   Stacktrace:\nE   Backtrace:\nE   \t(No symbol) [0x00D5F243]\nE   \t(No symbol) [0x00CE7FD1]\nE   \t(No symbol) [0x00BDD04D]\nE   \t(No symbol) [0x00C0C0B0]\nE   \t(No symbol) [0x00C0C22B]\nE   \t(No symbol) [0x00C3E612]\nE   \t(No symbol) [0x00C285D4]\nE   \t(No symbol) [0x00C3C9EB]\nE   \t(No symbol) [0x00C28386]\nE   \t(No symbol) [0x00C0163C]\nE   \t(No symbol) [0x00C0269D]\nE   \tGetHandleVerifier [0x00FF9A22+2655074]\nE   \tGetHandleVerifier [0x00FECA24+2601828]\nE   \tGetHandleVerifier [0x00E08C0A+619850]\nE   \tGetHandleVerifier [0x00E07830+614768]\nE   \t(No symbol) [0x00CF05FC]\nE   \t(No symbol) [0x00CF5968]\nE   \t(No symbol) [0x00CF5A55]\nE   \t(No symbol) [0x00D0051B]\nE   \tBaseThreadInitThunk [0x769D6939+25]\nE   \tRtlGetFullPathName_UEx [0x776F8FD2+1218]\nE   \tRtlGetFullPathName_UEx [0x776F8F9D+1165]\n        end_time   = 136367.531\n        message    = ''\n        method     = <function text_to_be_present_in_element.<locals>._predicate at 0x0000027102F200E0>\n        screen     = None\n        self       = <selenium.webdriver.support.wait.WebDriverWait (session=\"c19601b02c861d1af96a8e723104a1b0\")>\n        stacktrace = ['Backtrace:', '\\t(No symbol) [0x00D5F243]', '\\t(No symbol) [0x00CE7FD1]', '\\t(No symbol) [0x00BDD04D]', '\\t(No symbol) [0x00C0C0B0]', '\\t(No symbol) [0x00C0C22B]', ...]"}, "description": "\n    Test case TC-4\n    ", "start": 1670927616623, "stop": 1670927631928, "uuid": "d202fd7b-bf38-4861-9452-629af7f84da7", "historyId": "832350b147fac251f172289a626c5cba", "testCaseId": "7b8323124234f69a8fde1e3de50f452e", "fullName": "tests.test_shop#test_right_way", "labels": [{"name": "parentSuite", "value": "tests"}, {"name": "suite", "value": "test_shop"}, {"name": "host", "value": "LAPTOP-PQD6VG82"}, {"name": "thread", "value": "11496-MainThread"}, {"name": "framework", "value": "pytest"}, {"name": "language", "value": "cpython3"}, {"name": "package", "value": "tests.test_shop"}]}