{"name": "test_right_way", "status": "broken", "statusDetails": {"message": "selenium.common.exceptions.TimeoutException: Message:", "trace": "tests\\test_shop.py:89: in test_right_way\n    WebDriverWait(browser, timeout=10, poll_frequency=1).until(\n        browser    = <selenium.webdriver.chrome.webdriver.WebDriver (session=\"a9263bc6cdeaa77d67e7b784b18b38cd\")>\n        cart_is_visible = 'block'\n        product    = <selenium.webdriver.remote.webelement.WebElement (session=\"a9263bc6cdeaa77d67e7b784b18b38cd\", element=\"ab0c8786-d78e-421c-b19f-8e1e704ce449\")>\n..\\..\\..\\AppData\\Local\\Programs\\Python\\Python311\\Lib\\site-packages\\selenium\\webdriver\\support\\wait.py:95: in until\n    raise TimeoutException(message, screen, stacktrace)\nE   selenium.common.exceptions.TimeoutException: Message:\n        end_time   = 90845.359\n        message    = ''\n        method     = <function url_to_be.<locals>._predicate at 0x0000027DEACB3B00>\n        screen     = None\n        self       = <selenium.webdriver.support.wait.WebDriverWait (session=\"a9263bc6cdeaa77d67e7b784b18b38cd\")>\n        stacktrace = None\n        value      = False"}, "description": "\n    Test case TC-4\n    ", "start": 1670882092908, "stop": 1670882109768, "uuid": "b9965ec2-d56b-4b50-a06d-64ffaec0d039", "historyId": "832350b147fac251f172289a626c5cba", "testCaseId": "7b8323124234f69a8fde1e3de50f452e", "fullName": "tests.test_shop#test_right_way", "labels": [{"name": "parentSuite", "value": "tests"}, {"name": "suite", "value": "test_shop"}, {"name": "host", "value": "LAPTOP-PQD6VG82"}, {"name": "thread", "value": "10832-MainThread"}, {"name": "framework", "value": "pytest"}, {"name": "language", "value": "cpython3"}, {"name": "package", "value": "tests.test_shop"}]}