{"name": "test_products_group", "status": "skipped", "statusDetails": {"message": "XFAIL Wait for fix bug\n\nselenium.common.exceptions.ElementClickInterceptedException: Message: element click intercepted: Element <a href=\"https://test.qa.studio?products_group=sale\" class=\"tab-sale \">...</a> is not clickable at point (708, 686). Other element would receive the click: <div class=\"catalog-toolbar-tabs__content\">...</div>\n  (Session info: chrome=108.0.5359.99)\nStacktrace:\nBacktrace:\n\t(No symbol) [0x0074F243]\n\t(No symbol) [0x006D7FD1]\n\t(No symbol) [0x005CD04D]\n\t(No symbol) [0x006028B9]\n\t(No symbol) [0x006008CC]\n\t(No symbol) [0x005FE4CB]\n\t(No symbol) [0x005FD164]\n\t(No symbol) [0x005F32A6]\n\t(No symbol) [0x0061858C]\n\t(No symbol) [0x005F2BFF]\n\t(No symbol) [0x00618804]\n\t(No symbol) [0x0062C9EB]\n\t(No symbol) [0x00618386]\n\t(No symbol) [0x005F163C]\n\t(No symbol) [0x005F269D]\n\tGetHandleVerifier [0x009E9A22+2655074]\n\tGetHandleVerifier [0x009DCA24+2601828]\n\tGetHandleVerifier [0x007F8C0A+619850]\n\tGetHandleVerifier [0x007F7830+614768]\n\t(No symbol) [0x006E05FC]\n\t(No symbol) [0x006E5968]\n\t(No symbol) [0x006E5A55]\n\t(No symbol) [0x006F051B]\n\tBaseThreadInitThunk [0x769D6939+25]\n\tRtlGetFullPathName_UEx [0x776F8FD2+1218]\n\tRtlGetFullPathName_UEx [0x776F8F9D+1165]", "trace": "tests\\test_shop.py:47: in test_products_group\n    element.click()\n        browser    = <selenium.webdriver.chrome.webdriver.WebDriver (session=\"a9263bc6cdeaa77d67e7b784b18b38cd\")>\n        element    = <selenium.webdriver.remote.webelement.WebElement (session=\"a9263bc6cdeaa77d67e7b784b18b38cd\", element=\"2c114ba9-c657-400f-821c-5de5287d3aac\")>\n        elements   = [<selenium.webdriver.remote.webelement.WebElement (session=\"a9263bc6cdeaa77d67e7b784b18b38cd\", element=\"38afc9ff-69ec-...te.webelement.WebElement (session=\"a9263bc6cdeaa77d67e7b784b18b38cd\", element=\"5a04679f-c0bf-40bd-997b-1a364f652c2f\")>]\n        expected_menu = [('Все', '', \"[class='tab-all active']\"), ('Бестселлеры', '/?products_group=best_sellers', \"[class='tab-best_sellers '... '/?products_group=new', \"[class='tab-new ']\"), ('Распродажа товаров', '/?products_group=sale', \"[class='tab-sale ']\")]\n        item       = ('Распродажа товаров', '/?products_group=sale', \"[class='tab-sale ']\")\n        menu_element = \"[class='catalog-toolbar-tabs__content'] a\"\n..\\..\\..\\AppData\\Local\\Programs\\Python\\Python311\\Lib\\site-packages\\selenium\\webdriver\\remote\\webelement.py:93: in click\n    self._execute(Command.CLICK_ELEMENT)\n        self       = <selenium.webdriver.remote.webelement.WebElement (session=\"a9263bc6cdeaa77d67e7b784b18b38cd\", element=\"2c114ba9-c657-400f-821c-5de5287d3aac\")>\n..\\..\\..\\AppData\\Local\\Programs\\Python\\Python311\\Lib\\site-packages\\selenium\\webdriver\\remote\\webelement.py:410: in _execute\n    return self._parent.execute(command, params)\n        command    = 'clickElement'\n        params     = {'id': '2c114ba9-c657-400f-821c-5de5287d3aac'}\n        self       = <selenium.webdriver.remote.webelement.WebElement (session=\"a9263bc6cdeaa77d67e7b784b18b38cd\", element=\"2c114ba9-c657-400f-821c-5de5287d3aac\")>\n..\\..\\..\\AppData\\Local\\Programs\\Python\\Python311\\Lib\\site-packages\\selenium\\webdriver\\remote\\webdriver.py:444: in execute\n    self.error_handler.check_response(response)\n        driver_command = 'clickElement'\n        params     = {'id': '2c114ba9-c657-400f-821c-5de5287d3aac'}\n        response   = {'status': 400, 'value': '{\"value\":{\"error\":\"element click intercepted\",\"message\":\"element click intercepted: Element ...unk [0x769D6939+25]\\\\n\\\\tRtlGetFullPathName_UEx [0x776F8FD2+1218]\\\\n\\\\tRtlGetFullPathName_UEx [0x776F8F9D+1165]\\\\n\"}}'}\n        self       = <selenium.webdriver.chrome.webdriver.WebDriver (session=\"a9263bc6cdeaa77d67e7b784b18b38cd\")>\n..\\..\\..\\AppData\\Local\\Programs\\Python\\Python311\\Lib\\site-packages\\selenium\\webdriver\\remote\\errorhandler.py:249: in check_response\n    raise exception_class(message, screen, stacktrace)\nE   selenium.common.exceptions.ElementClickInterceptedException: Message: element click intercepted: Element <a href=\"https://test.qa.studio?products_group=sale\" class=\"tab-sale \">...</a> is not clickable at point (708, 686). Other element would receive the click: <div class=\"catalog-toolbar-tabs__content\">...</div>\nE     (Session info: chrome=108.0.5359.99)\nE   Stacktrace:\nE   Backtrace:\nE   \t(No symbol) [0x0074F243]\nE   \t(No symbol) [0x006D7FD1]\nE   \t(No symbol) [0x005CD04D]\nE   \t(No symbol) [0x006028B9]\nE   \t(No symbol) [0x006008CC]\nE   \t(No symbol) [0x005FE4CB]\nE   \t(No symbol) [0x005FD164]\nE   \t(No symbol) [0x005F32A6]\nE   \t(No symbol) [0x0061858C]\nE   \t(No symbol) [0x005F2BFF]\nE   \t(No symbol) [0x00618804]\nE   \t(No symbol) [0x0062C9EB]\nE   \t(No symbol) [0x00618386]\nE   \t(No symbol) [0x005F163C]\nE   \t(No symbol) [0x005F269D]\nE   \tGetHandleVerifier [0x009E9A22+2655074]\nE   \tGetHandleVerifier [0x009DCA24+2601828]\nE   \tGetHandleVerifier [0x007F8C0A+619850]\nE   \tGetHandleVerifier [0x007F7830+614768]\nE   \t(No symbol) [0x006E05FC]\nE   \t(No symbol) [0x006E5968]\nE   \t(No symbol) [0x006E5A55]\nE   \t(No symbol) [0x006F051B]\nE   \tBaseThreadInitThunk [0x769D6939+25]\nE   \tRtlGetFullPathName_UEx [0x776F8FD2+1218]\nE   \tRtlGetFullPathName_UEx [0x776F8F9D+1165]\n        exception_class = <class 'selenium.common.exceptions.ElementClickInterceptedException'>\n        json       = <module 'json' from 'C:\\\\Users\\\\79872\\\\AppData\\\\Local\\\\Programs\\\\Python\\\\Python311\\\\Lib\\\\json\\\\__init__.py'>\n        message    = 'element click intercepted: Element <a href=\"https://test.qa.studio?products_group=sale\" class=\"tab-sale \">...</a> is ... would receive the click: <div class=\"catalog-toolbar-tabs__content\">...</div>\\n  (Session info: chrome=108.0.5359.99)'\n        response   = {'status': 400, 'value': '{\"value\":{\"error\":\"element click intercepted\",\"message\":\"element click intercepted: Element ...unk [0x769D6939+25]\\\\n\\\\tRtlGetFullPathName_UEx [0x776F8FD2+1218]\\\\n\\\\tRtlGetFullPathName_UEx [0x776F8F9D+1165]\\\\n\"}}'}\n        screen     = None\n        self       = <selenium.webdriver.remote.errorhandler.ErrorHandler object at 0x0000027DEAC5AD50>\n        st_value   = 'Backtrace:\\n\\t(No symbol) [0x0074F243]\\n\\t(No symbol) [0x006D7FD1]\\n\\t(No symbol) [0x005CD04D]\\n\\t(No symbol) [0x0060...eadInitThunk [0x769D6939+25]\\n\\tRtlGetFullPathName_UEx [0x776F8FD2+1218]\\n\\tRtlGetFullPathName_UEx [0x776F8F9D+1165]\\n'\n        stacktrace = ['Backtrace:', '\\t(No symbol) [0x0074F243]', '\\t(No symbol) [0x006D7FD1]', '\\t(No symbol) [0x005CD04D]', '\\t(No symbol) [0x006028B9]', '\\t(No symbol) [0x006008CC]', ...]\n        status     = 'element click intercepted'\n        value      = {'error': 'element click intercepted', 'message': 'element click intercepted: Element <a href=\"https://test.qa.studio?...adInitThunk [0x769D6939+25]\\n\\tRtlGetFullPathName_UEx [0x776F8FD2+1218]\\n\\tRtlGetFullPathName_UEx [0x776F8F9D+1165]\\n'}\n        value_json = '{\"value\":{\"error\":\"element click intercepted\",\"message\":\"element click intercepted: Element \\\\u003Ca href=\\\\\"https://...hunk [0x769D6939+25]\\\\n\\\\tRtlGetFullPathName_UEx [0x776F8FD2+1218]\\\\n\\\\tRtlGetFullPathName_UEx [0x776F8F9D+1165]\\\\n\"}}'"}, "description": "\n    Test case TC-2\n    ", "start": 1670882083073, "stop": 1670882089094, "uuid": "608f26e6-1a78-4037-b868-c725c30cd25f", "historyId": "09ac6b905e7ac66417c95d86a058a7ca", "testCaseId": "4fdd6adba16e950b161eae73ef4ccb14", "fullName": "tests.test_shop#test_products_group", "labels": [{"name": "tag", "value": "@pytest.mark.xfail(reason='Wait for fix bug')"}, {"name": "parentSuite", "value": "tests"}, {"name": "suite", "value": "test_shop"}, {"name": "host", "value": "LAPTOP-PQD6VG82"}, {"name": "thread", "value": "10832-MainThread"}, {"name": "framework", "value": "pytest"}, {"name": "language", "value": "cpython3"}, {"name": "package", "value": "tests.test_shop"}]}