{"name": "test_products_group", "status": "skipped", "statusDetails": {"message": "XFAIL Wait for fix bug\n\nselenium.common.exceptions.ElementClickInterceptedException: Message: element click intercepted: Element <a href=\"https://test.qa.studio?products_group=sale\" class=\"tab-sale \">...</a> is not clickable at point (708, 686). Other element would receive the click: <div class=\"catalog-toolbar-tabs__content\">...</div>\n  (Session info: chrome=108.0.5359.99)\nStacktrace:\nBacktrace:\n\t(No symbol) [0x00CDF243]\n\t(No symbol) [0x00C67FD1]\n\t(No symbol) [0x00B5D04D]\n\t(No symbol) [0x00B928B9]\n\t(No symbol) [0x00B908CC]\n\t(No symbol) [0x00B8E4CB]\n\t(No symbol) [0x00B8D164]\n\t(No symbol) [0x00B832A6]\n\t(No symbol) [0x00BA858C]\n\t(No symbol) [0x00B82BFF]\n\t(No symbol) [0x00BA8804]\n\t(No symbol) [0x00BBC9EB]\n\t(No symbol) [0x00BA8386]\n\t(No symbol) [0x00B8163C]\n\t(No symbol) [0x00B8269D]\n\tGetHandleVerifier [0x00F79A22+2655074]\n\tGetHandleVerifier [0x00F6CA24+2601828]\n\tGetHandleVerifier [0x00D88C0A+619850]\n\tGetHandleVerifier [0x00D87830+614768]\n\t(No symbol) [0x00C705FC]\n\t(No symbol) [0x00C75968]\n\t(No symbol) [0x00C75A55]\n\t(No symbol) [0x00C8051B]\n\tBaseThreadInitThunk [0x769D6939+25]\n\tRtlGetFullPathName_UEx [0x776F8FD2+1218]\n\tRtlGetFullPathName_UEx [0x776F8F9D+1165]", "trace": "tests\\test_shop.py:47: in test_products_group\n    element.click()\n        browser    = <selenium.webdriver.chrome.webdriver.WebDriver (session=\"089de1def71d30e2469fc02f64b37891\")>\n        element    = <selenium.webdriver.remote.webelement.WebElement (session=\"089de1def71d30e2469fc02f64b37891\", element=\"3dec5160-a944-4cf5-abac-dea4ffabcf39\")>\n        elements   = [<selenium.webdriver.remote.webelement.WebElement (session=\"089de1def71d30e2469fc02f64b37891\", element=\"0982384f-dccb-...te.webelement.WebElement (session=\"089de1def71d30e2469fc02f64b37891\", element=\"48bd95b0-a6bf-47e5-bb77-fccab9f3c3bd\")>]\n        expected_menu = [('Все', '', \"[class='tab-all active']\"), ('Бестселлеры', '/?products_group=best_sellers', \"[class='tab-best_sellers '... '/?products_group=new', \"[class='tab-new ']\"), ('Распродажа товаров', '/?products_group=sale', \"[class='tab-sale ']\")]\n        item       = ('Распродажа товаров', '/?products_group=sale', \"[class='tab-sale ']\")\n        menu_element = \"[class='catalog-toolbar-tabs__content'] a\"\n..\\..\\..\\AppData\\Local\\Programs\\Python\\Python311\\Lib\\site-packages\\selenium\\webdriver\\remote\\webelement.py:93: in click\n    self._execute(Command.CLICK_ELEMENT)\n        self       = <selenium.webdriver.remote.webelement.WebElement (session=\"089de1def71d30e2469fc02f64b37891\", element=\"3dec5160-a944-4cf5-abac-dea4ffabcf39\")>\n..\\..\\..\\AppData\\Local\\Programs\\Python\\Python311\\Lib\\site-packages\\selenium\\webdriver\\remote\\webelement.py:410: in _execute\n    return self._parent.execute(command, params)\n        command    = 'clickElement'\n        params     = {'id': '3dec5160-a944-4cf5-abac-dea4ffabcf39'}\n        self       = <selenium.webdriver.remote.webelement.WebElement (session=\"089de1def71d30e2469fc02f64b37891\", element=\"3dec5160-a944-4cf5-abac-dea4ffabcf39\")>\n..\\..\\..\\AppData\\Local\\Programs\\Python\\Python311\\Lib\\site-packages\\selenium\\webdriver\\remote\\webdriver.py:444: in execute\n    self.error_handler.check_response(response)\n        driver_command = 'clickElement'\n        params     = {'id': '3dec5160-a944-4cf5-abac-dea4ffabcf39'}\n        response   = {'status': 400, 'value': '{\"value\":{\"error\":\"element click intercepted\",\"message\":\"element click intercepted: Element ...unk [0x769D6939+25]\\\\n\\\\tRtlGetFullPathName_UEx [0x776F8FD2+1218]\\\\n\\\\tRtlGetFullPathName_UEx [0x776F8F9D+1165]\\\\n\"}}'}\n        self       = <selenium.webdriver.chrome.webdriver.WebDriver (session=\"089de1def71d30e2469fc02f64b37891\")>\n..\\..\\..\\AppData\\Local\\Programs\\Python\\Python311\\Lib\\site-packages\\selenium\\webdriver\\remote\\errorhandler.py:249: in check_response\n    raise exception_class(message, screen, stacktrace)\nE   selenium.common.exceptions.ElementClickInterceptedException: Message: element click intercepted: Element <a href=\"https://test.qa.studio?products_group=sale\" class=\"tab-sale \">...</a> is not clickable at point (708, 686). Other element would receive the click: <div class=\"catalog-toolbar-tabs__content\">...</div>\nE     (Session info: chrome=108.0.5359.99)\nE   Stacktrace:\nE   Backtrace:\nE   \t(No symbol) [0x00CDF243]\nE   \t(No symbol) [0x00C67FD1]\nE   \t(No symbol) [0x00B5D04D]\nE   \t(No symbol) [0x00B928B9]\nE   \t(No symbol) [0x00B908CC]\nE   \t(No symbol) [0x00B8E4CB]\nE   \t(No symbol) [0x00B8D164]\nE   \t(No symbol) [0x00B832A6]\nE   \t(No symbol) [0x00BA858C]\nE   \t(No symbol) [0x00B82BFF]\nE   \t(No symbol) [0x00BA8804]\nE   \t(No symbol) [0x00BBC9EB]\nE   \t(No symbol) [0x00BA8386]\nE   \t(No symbol) [0x00B8163C]\nE   \t(No symbol) [0x00B8269D]\nE   \tGetHandleVerifier [0x00F79A22+2655074]\nE   \tGetHandleVerifier [0x00F6CA24+2601828]\nE   \tGetHandleVerifier [0x00D88C0A+619850]\nE   \tGetHandleVerifier [0x00D87830+614768]\nE   \t(No symbol) [0x00C705FC]\nE   \t(No symbol) [0x00C75968]\nE   \t(No symbol) [0x00C75A55]\nE   \t(No symbol) [0x00C8051B]\nE   \tBaseThreadInitThunk [0x769D6939+25]\nE   \tRtlGetFullPathName_UEx [0x776F8FD2+1218]\nE   \tRtlGetFullPathName_UEx [0x776F8F9D+1165]\n        exception_class = <class 'selenium.common.exceptions.ElementClickInterceptedException'>\n        json       = <module 'json' from 'C:\\\\Users\\\\79872\\\\AppData\\\\Local\\\\Programs\\\\Python\\\\Python311\\\\Lib\\\\json\\\\__init__.py'>\n        message    = 'element click intercepted: Element <a href=\"https://test.qa.studio?products_group=sale\" class=\"tab-sale \">...</a> is ... would receive the click: <div class=\"catalog-toolbar-tabs__content\">...</div>\\n  (Session info: chrome=108.0.5359.99)'\n        response   = {'status': 400, 'value': '{\"value\":{\"error\":\"element click intercepted\",\"message\":\"element click intercepted: Element ...unk [0x769D6939+25]\\\\n\\\\tRtlGetFullPathName_UEx [0x776F8FD2+1218]\\\\n\\\\tRtlGetFullPathName_UEx [0x776F8F9D+1165]\\\\n\"}}'}\n        screen     = None\n        self       = <selenium.webdriver.remote.errorhandler.ErrorHandler object at 0x000002599A2C0350>\n        st_value   = 'Backtrace:\\n\\t(No symbol) [0x00CDF243]\\n\\t(No symbol) [0x00C67FD1]\\n\\t(No symbol) [0x00B5D04D]\\n\\t(No symbol) [0x00B9...eadInitThunk [0x769D6939+25]\\n\\tRtlGetFullPathName_UEx [0x776F8FD2+1218]\\n\\tRtlGetFullPathName_UEx [0x776F8F9D+1165]\\n'\n        stacktrace = ['Backtrace:', '\\t(No symbol) [0x00CDF243]', '\\t(No symbol) [0x00C67FD1]', '\\t(No symbol) [0x00B5D04D]', '\\t(No symbol) [0x00B928B9]', '\\t(No symbol) [0x00B908CC]', ...]\n        status     = 'element click intercepted'\n        value      = {'error': 'element click intercepted', 'message': 'element click intercepted: Element <a href=\"https://test.qa.studio?...adInitThunk [0x769D6939+25]\\n\\tRtlGetFullPathName_UEx [0x776F8FD2+1218]\\n\\tRtlGetFullPathName_UEx [0x776F8F9D+1165]\\n'}\n        value_json = '{\"value\":{\"error\":\"element click intercepted\",\"message\":\"element click intercepted: Element \\\\u003Ca href=\\\\\"https://...hunk [0x769D6939+25]\\\\n\\\\tRtlGetFullPathName_UEx [0x776F8FD2+1218]\\\\n\\\\tRtlGetFullPathName_UEx [0x776F8F9D+1165]\\\\n\"}}'"}, "description": "\n    Test case TC-2\n    ", "start": 1670936300952, "stop": 1670936309702, "uuid": "312d1504-4033-4916-bc20-64e598ca9b13", "historyId": "09ac6b905e7ac66417c95d86a058a7ca", "testCaseId": "4fdd6adba16e950b161eae73ef4ccb14", "fullName": "tests.test_shop#test_products_group", "labels": [{"name": "tag", "value": "@pytest.mark.xfail(reason='Wait for fix bug')"}, {"name": "parentSuite", "value": "tests"}, {"name": "suite", "value": "test_shop"}, {"name": "host", "value": "LAPTOP-PQD6VG82"}, {"name": "thread", "value": "15500-MainThread"}, {"name": "framework", "value": "pytest"}, {"name": "language", "value": "cpython3"}, {"name": "package", "value": "tests.test_shop"}]}