{"name": "test_right_way", "status": "broken", "statusDetails": {"message": "selenium.common.exceptions.TimeoutException: Message:", "trace": "tests\\test_shop.py:89: in test_right_way\n    WebDriverWait(browser, timeout=10, poll_frequency=1).until(\n        browser    = <selenium.webdriver.chrome.webdriver.WebDriver (session=\"e81acb2bc96423740e3a075d0cdbe99b\")>\n        cart_is_visible = 'block'\n        product    = <selenium.webdriver.remote.webelement.WebElement (session=\"e81acb2bc96423740e3a075d0cdbe99b\", element=\"364cd7ec-b6b6-4fcc-b17c-6f21a45dbef9\")>\n..\\..\\..\\AppData\\Local\\Programs\\Python\\Python311\\Lib\\site-packages\\selenium\\webdriver\\support\\wait.py:95: in until\n    raise TimeoutException(message, screen, stacktrace)\nE   selenium.common.exceptions.TimeoutException: Message:\n        end_time   = 143745.687\n        message    = ''\n        method     = <function url_to_be.<locals>._predicate at 0x000002DFABF0EAC0>\n        screen     = None\n        self       = <selenium.webdriver.support.wait.WebDriverWait (session=\"e81acb2bc96423740e3a075d0cdbe99b\")>\n        stacktrace = None\n        value      = False"}, "description": "\n    Test case TC-4\n    ", "start": 1670934991959, "stop": 1670935010107, "uuid": "ecdb580c-6547-42d6-b443-5ddc551cdfc2", "historyId": "832350b147fac251f172289a626c5cba", "testCaseId": "7b8323124234f69a8fde1e3de50f452e", "fullName": "tests.test_shop#test_right_way", "labels": [{"name": "parentSuite", "value": "tests"}, {"name": "suite", "value": "test_shop"}, {"name": "host", "value": "LAPTOP-PQD6VG82"}, {"name": "thread", "value": "12616-MainThread"}, {"name": "framework", "value": "pytest"}, {"name": "language", "value": "cpython3"}, {"name": "package", "value": "tests.test_shop"}]}