{"name": "test_right_way", "status": "broken", "statusDetails": {"message": "selenium.common.exceptions.TimeoutException: Message:", "trace": "tests\\test_shop.py:89: in test_right_way\n    WebDriverWait(browser, timeout=10, poll_frequency=1).until(\n        browser    = <selenium.webdriver.chrome.webdriver.WebDriver (session=\"394169d7cad507631273f8f55f114534\")>\n        cart_is_visible = 'block'\n        product    = <selenium.webdriver.remote.webelement.WebElement (session=\"394169d7cad507631273f8f55f114534\", element=\"95037694-b9de-4e1b-98c5-9f3e8f1b3dc4\")>\n..\\..\\..\\AppData\\Local\\Programs\\Python\\Python311\\Lib\\site-packages\\selenium\\webdriver\\support\\wait.py:95: in until\n    raise TimeoutException(message, screen, stacktrace)\nE   selenium.common.exceptions.TimeoutException: Message:\n        end_time   = 143589.5\n        message    = ''\n        method     = <function url_to_be.<locals>._predicate at 0x0000021BF84CEAC0>\n        screen     = None\n        self       = <selenium.webdriver.support.wait.WebDriverWait (session=\"394169d7cad507631273f8f55f114534\")>\n        stacktrace = None\n        value      = False"}, "description": "\n    Test case TC-4\n    ", "start": 1670934833654, "stop": 1670934853920, "uuid": "6f652421-b14e-41a1-a8f6-dbc2bb709c7c", "historyId": "832350b147fac251f172289a626c5cba", "testCaseId": "7b8323124234f69a8fde1e3de50f452e", "fullName": "tests.test_shop#test_right_way", "labels": [{"name": "parentSuite", "value": "tests"}, {"name": "suite", "value": "test_shop"}, {"name": "host", "value": "LAPTOP-PQD6VG82"}, {"name": "thread", "value": "10948-MainThread"}, {"name": "framework", "value": "pytest"}, {"name": "language", "value": "cpython3"}, {"name": "package", "value": "tests.test_shop"}]}