{"name": "test_product_view_sku", "status": "broken", "statusDetails": {"message": "selenium.common.exceptions.NoSuchWindowException: Message: no such window: target window already closed\nfrom unknown error: web view not found\n  (Session info: chrome=108.0.5359.99)\nStacktrace:\nBacktrace:\n\t(No symbol) [0x00CDF243]\n\t(No symbol) [0x00C67FD1]\n\t(No symbol) [0x00B5D04D]\n\t(No symbol) [0x00B42D7A]\n\t(No symbol) [0x00BABE7B]\n\t(No symbol) [0x00BBC196]\n\t(No symbol) [0x00BA8386]\n\t(No symbol) [0x00B8163C]\n\t(No symbol) [0x00B8269D]\n\tGetHandleVerifier [0x00F79A22+2655074]\n\tGetHandleVerifier [0x00F6CA24+2601828]\n\tGetHandleVerifier [0x00D88C0A+619850]\n\tGetHandleVerifier [0x00D87830+614768]\n\t(No symbol) [0x00C705FC]\n\t(No symbol) [0x00C75968]\n\t(No symbol) [0x00C75A55]\n\t(No symbol) [0x00C8051B]\n\tBaseThreadInitThunk [0x769D6939+25]\n\tRtlGetFullPathName_UEx [0x776F8FD2+1218]\n\tRtlGetFullPathName_UEx [0x776F8F9D+1165]", "trace": "tests\\test_first.py:37: in test_product_view_sku\n    sku = driver.find_element(By.CLASS_NAME, value=\"sku\")\n        chrome_options = <selenium.webdriver.chrome.options.Options object at 0x000001545A767490>\n        driver     = <selenium.webdriver.chrome.webdriver.WebDriver (session=\"b27dc48aed781141b6b90c97eae65e6b\")>\n        element    = <selenium.webdriver.remote.webelement.WebElement (session=\"b27dc48aed781141b6b90c97eae65e6b\", element=\"72b6720f-0685-4d73-b844-c88b7d31f3de\")>\n        service    = <selenium.webdriver.chrome.service.Service object at 0x000001545A747F50>\n        url        = 'https://test.qa.studio'\n        x_path_table = '//*[@id=\"rz-shop-content\"]/ul/li[1]/div/div[2]/h2/a'\n..\\..\\..\\AppData\\Local\\Programs\\Python\\Python311\\Lib\\site-packages\\selenium\\webdriver\\remote\\webdriver.py:861: in find_element\n    return self.execute(Command.FIND_ELEMENT, {\"using\": by, \"value\": value})[\"value\"]\n        by         = 'css selector'\n        self       = <selenium.webdriver.chrome.webdriver.WebDriver (session=\"b27dc48aed781141b6b90c97eae65e6b\")>\n        value      = '.sku'\n..\\..\\..\\AppData\\Local\\Programs\\Python\\Python311\\Lib\\site-packages\\selenium\\webdriver\\remote\\webdriver.py:444: in execute\n    self.error_handler.check_response(response)\n        driver_command = 'findElement'\n        params     = {'using': 'css selector', 'value': '.sku'}\n        response   = {'status': 404, 'value': '{\"value\":{\"error\":\"no such window\",\"message\":\"no such window: target window already closed\\\\...unk [0x769D6939+25]\\\\n\\\\tRtlGetFullPathName_UEx [0x776F8FD2+1218]\\\\n\\\\tRtlGetFullPathName_UEx [0x776F8F9D+1165]\\\\n\"}}'}\n        self       = <selenium.webdriver.chrome.webdriver.WebDriver (session=\"b27dc48aed781141b6b90c97eae65e6b\")>\n..\\..\\..\\AppData\\Local\\Programs\\Python\\Python311\\Lib\\site-packages\\selenium\\webdriver\\remote\\errorhandler.py:249: in check_response\n    raise exception_class(message, screen, stacktrace)\nE   selenium.common.exceptions.NoSuchWindowException: Message: no such window: target window already closed\nE   from unknown error: web view not found\nE     (Session info: chrome=108.0.5359.99)\nE   Stacktrace:\nE   Backtrace:\nE   \t(No symbol) [0x00CDF243]\nE   \t(No symbol) [0x00C67FD1]\nE   \t(No symbol) [0x00B5D04D]\nE   \t(No symbol) [0x00B42D7A]\nE   \t(No symbol) [0x00BABE7B]\nE   \t(No symbol) [0x00BBC196]\nE   \t(No symbol) [0x00BA8386]\nE   \t(No symbol) [0x00B8163C]\nE   \t(No symbol) [0x00B8269D]\nE   \tGetHandleVerifier [0x00F79A22+2655074]\nE   \tGetHandleVerifier [0x00F6CA24+2601828]\nE   \tGetHandleVerifier [0x00D88C0A+619850]\nE   \tGetHandleVerifier [0x00D87830+614768]\nE   \t(No symbol) [0x00C705FC]\nE   \t(No symbol) [0x00C75968]\nE   \t(No symbol) [0x00C75A55]\nE   \t(No symbol) [0x00C8051B]\nE   \tBaseThreadInitThunk [0x769D6939+25]\nE   \tRtlGetFullPathName_UEx [0x776F8FD2+1218]\nE   \tRtlGetFullPathName_UEx [0x776F8F9D+1165]\n        exception_class = <class 'selenium.common.exceptions.NoSuchWindowException'>\n        json       = <module 'json' from 'C:\\\\Users\\\\79872\\\\AppData\\\\Local\\\\Programs\\\\Python\\\\Python311\\\\Lib\\\\json\\\\__init__.py'>\n        message    = 'no such window: target window already closed\\nfrom unknown error: web view not found\\n  (Session info: chrome=108.0.5359.99)'\n        response   = {'status': 404, 'value': '{\"value\":{\"error\":\"no such window\",\"message\":\"no such window: target window already closed\\\\...unk [0x769D6939+25]\\\\n\\\\tRtlGetFullPathName_UEx [0x776F8FD2+1218]\\\\n\\\\tRtlGetFullPathName_UEx [0x776F8F9D+1165]\\\\n\"}}'}\n        screen     = None\n        self       = <selenium.webdriver.remote.errorhandler.ErrorHandler object at 0x00000154576DCAD0>\n        st_value   = 'Backtrace:\\n\\t(No symbol) [0x00CDF243]\\n\\t(No symbol) [0x00C67FD1]\\n\\t(No symbol) [0x00B5D04D]\\n\\t(No symbol) [0x00B4...eadInitThunk [0x769D6939+25]\\n\\tRtlGetFullPathName_UEx [0x776F8FD2+1218]\\n\\tRtlGetFullPathName_UEx [0x776F8F9D+1165]\\n'\n        stacktrace = ['Backtrace:', '\\t(No symbol) [0x00CDF243]', '\\t(No symbol) [0x00C67FD1]', '\\t(No symbol) [0x00B5D04D]', '\\t(No symbol) [0x00B42D7A]', '\\t(No symbol) [0x00BABE7B]', ...]\n        status     = 'no such window'\n        value      = {'error': 'no such window', 'message': 'no such window: target window already closed\\nfrom unknown error: web view not...adInitThunk [0x769D6939+25]\\n\\tRtlGetFullPathName_UEx [0x776F8FD2+1218]\\n\\tRtlGetFullPathName_UEx [0x776F8F9D+1165]\\n'}\n        value_json = '{\"value\":{\"error\":\"no such window\",\"message\":\"no such window: target window already closed\\\\nfrom unknown error: web ...hunk [0x769D6939+25]\\\\n\\\\tRtlGetFullPathName_UEx [0x776F8FD2+1218]\\\\n\\\\tRtlGetFullPathName_UEx [0x776F8F9D+1165]\\\\n\"}}'"}, "description": "\n    Test case WERT-1\n    ", "start": 1670935240517, "stop": 1670935249298, "uuid": "7567f5fd-5d92-41d5-b3c0-02894cb710e6", "historyId": "cabadc777e6b78da8be65a97ecc98071", "testCaseId": "b023c9c826d4997064cfe259ba86bc05", "fullName": "tests.test_first#test_product_view_sku", "labels": [{"name": "parentSuite", "value": "tests"}, {"name": "suite", "value": "test_first"}, {"name": "host", "value": "LAPTOP-PQD6VG82"}, {"name": "thread", "value": "10588-MainThread"}, {"name": "framework", "value": "pytest"}, {"name": "language", "value": "cpython3"}, {"name": "package", "value": "tests.test_first"}]}